#
# A fatal error has been detected by the Java Runtime Environment:
#
#  SIGSEGV (0xb) at pc=0x0000000112ab3edb, pid=8112, tid=0x0000000000001803
#
# JRE version: Java(TM) SE Runtime Environment (8.0_171-b11) (build 1.8.0_171-b11)
# Java VM: Java HotSpot(TM) 64-Bit Server VM (25.171-b11 mixed mode bsd-amd64 compressed oops)
# Problematic frame:
# C  [liblwjgl_opengl.dylib+0x11edb]
[error occurred during error reporting (printing problematic frame), id 0xe0000000]

# Failed to write core dump. Core dumps have been disabled. To enable core dumping, try "ulimit -c unlimited" before starting Java again
#
# If you would like to submit a bug report, please visit:
#   http://bugreport.java.com/bugreport/crash.jsp
# The crash happened outside the Java Virtual Machine in native code.
# See problematic frame for where to report the bug.
#

---------------  T H R E A D  ---------------

Current thread (0x00007fac70004000):  JavaThread "main" [_thread_in_native, id=6147, stack(0x00007000079ab000,0x0000700007aab000)]

siginfo: si_signo: 11 (SIGSEGV), si_code: 1 (SEGV_MAPERR), si_addr: 0x0000000000000f70

Registers:
RAX=0x0000000000000000, RBX=0x000000010f77c328, RCX=0x00007fac6f960bfc, RDX=0x0000000000000001
RSP=0x0000700007aa9dd0, RBP=0x0000700007aa9dd0, RSI=0x0000700007aa9e50, RDI=0x00007fac700041f8
R8 =0x00000001137c34e7, R9 =0x00000000fffffff0, R10=0x000000011377a63b, R11=0x000000010911c8f7
R12=0x0000000000000000, R13=0x000000010f77c328, R14=0x0000700007aa9e70, R15=0x00007fac70004000
RIP=0x0000000112ab3edb, EFLAGS=0x0000000000010212, ERR=0x0000000000000004
  TRAPNO=0x000000000000000e

Top of Stack: (sp=0x0000700007aa9dd0)
0x0000700007aa9dd0:   0000700007aa9e40 000000011377a667
0x0000700007aa9de0:   0000700007aa9e40 000000011377a3b9
0x0000700007aa9df0:   0000700007aa9e08 000000011377a382
0x0000700007aa9e00:   0000700007aa9e00 000000010f77c328
0x0000700007aa9e10:   0000700007aa9e70 000000010f784ef8
0x0000700007aa9e20:   0000000000000000 000000010f77c328
0x0000700007aa9e30:   0000000000000000 0000700007aa9e60
0x0000700007aa9e40:   0000700007aa9eb8 000000011376a2bd
0x0000700007aa9e50:   00000007957ff940 0000000113773d18
0x0000700007aa9e60:   00007fac6f960bfc 0000000795e55600
0x0000700007aa9e70:   0000000000000001 0000700007aa9e78
0x0000700007aa9e80:   000000010f77c49c 0000700007aa9ee8
0x0000700007aa9e90:   000000010f784ef8 0000000000000000
0x0000700007aa9ea0:   000000010f77c508 0000700007aa9e60
0x0000700007aa9eb0:   0000700007aa9ef0 0000700007aa9f30
0x0000700007aa9ec0:   0000000113769d00 0000000000000000
0x0000700007aa9ed0:   0000000000000000 0000000795e55600
0x0000700007aa9ee0:   0000000000010000 0000000795dc5880
0x0000700007aa9ef0:   0000700007aa9ef0 000000010f76f65c
0x0000700007aa9f00:   0000700007aa9f38 000000010f76f6c8
0x0000700007aa9f10:   0000000000000000 000000010f76f670
0x0000700007aa9f20:   0000700007aa9ef0 0000700007aa9f40
0x0000700007aa9f30:   0000700007aa9fa0 00000001137627a7
0x0000700007aa9f40:   0000000100001fa0 000000000000000a
0x0000700007aa9f50:   00007fac70004000 0000000000000000
0x0000700007aa9f60:   000000011376271f 000000010f76f670
0x0000700007aa9f70:   0000700007aaa038 0000700007aaa170
0x0000700007aa9f80:   00007fac0000000a 000000010f76f670
0x0000700007aa9f90:   0000000113775600 0000700007aaa180
0x0000700007aa9fa0:   0000700007aaa150 0000000108f241f6
0x0000700007aa9fb0:   0000700000000000 00007fac70004000
0x0000700007aa9fc0:   00007fac70004001 0000700007aaa170 

Instructions: (pc=0x0000000112ab3edb)
0x0000000112ab3ebb:   48 8b 80 30 0a 00 00 89 d7 48 89 ce 5d ff e0 66
0x0000000112ab3ecb:   0f 1f 44 00 00 55 48 89 e5 48 8b 07 48 8b 40 18
0x0000000112ab3edb:   48 8b 80 70 0f 00 00 89 d7 48 89 ce 5d ff e0 66
0x0000000112ab3eeb:   0f 1f 44 00 00 55 48 89 e5 48 8b 07 48 8b 40 18 

Register to memory mapping:

RAX=0x0000000000000000 is an unknown value
RBX={method} {0x000000010f77c328} 'nglGenVertexArrays' '(IJ)V' in 'org/lwjgl/opengl/GL30'
RCX=0x00007fac6f960bfc is an unknown value
RDX=0x0000000000000001 is an unknown value
RSP=0x0000700007aa9dd0 is pointing into the stack for thread: 0x00007fac70004000
RBP=0x0000700007aa9dd0 is pointing into the stack for thread: 0x00007fac70004000
RSI=0x0000700007aa9e50 is pointing into the stack for thread: 0x00007fac70004000
RDI=0x00007fac700041f8 is an unknown value
R8 =0x00000001137c34e7 is at code_begin+7 in 
[CodeBlob (0x00000001137c3490)]
Framesize: 0
BufferBlob (0x00000001137c3490) used for Signature Handler Temp Buffer
R9 =0x00000000fffffff0 is an unknown value
R10=0x000000011377a63b is at code_begin+859 in an Interpreter codelet
method entry point (kind = native)  [0x000000011377a2e0, 0x000000011377ac40]  2400 bytes
R11=0x000000010911c8f7: throw_unsatisfied_link_error+0 in /Library/Java/JavaVirtualMachines/jdk1.8.0_171.jdk/Contents/Home/jre/lib/server/libjvm.dylib at 0x0000000108c35000
R12=0x0000000000000000 is an unknown value
R13={method} {0x000000010f77c328} 'nglGenVertexArrays' '(IJ)V' in 'org/lwjgl/opengl/GL30'
R14=0x0000700007aa9e70 is pointing into the stack for thread: 0x00007fac70004000
R15=0x00007fac70004000 is a thread


Stack: [0x00007000079ab000,0x0000700007aab000],  sp=0x0000700007aa9dd0,  free space=1019k
Native frames: (J=compiled Java code, j=interpreted, Vv=VM code, C=native code)
C  [liblwjgl_opengl.dylib+0x11edb]
[error occurred during error reporting (printing native stack), id 0xe0000000]

Java frames: (J=compiled Java code, j=interpreted, Vv=VM code)
j  org.lwjgl.opengl.GL30.nglGenVertexArrays(IJ)V+0
j  org.lwjgl.opengl.GL30.glGenVertexArrays()I+20
j  prototype.engine.graphics.shaders.ShaderManager.<clinit>()V+20
v  ~StubRoutines::call_stub
j  prototype.engine.graphics.shaders.ShaderProgram.link()V+0
j  prototype.program.Main.init()V+73
j  prototype.program.Main.main([Ljava/lang/String;)V+0
v  ~StubRoutines::call_stub

---------------  P R O C E S S  ---------------

Java Threads: ( => current thread )
  0x00007fac6f8a1000 JavaThread "Service Thread" daemon [_thread_blocked, id=18435, stack(0x00007000086d2000,0x00007000087d2000)]
  0x00007fac700e8800 JavaThread "C1 CompilerThread2" daemon [_thread_blocked, id=18691, stack(0x00007000085cf000,0x00007000086cf000)]
  0x00007fac6f88c000 JavaThread "C2 CompilerThread1" daemon [_thread_blocked, id=14851, stack(0x00007000084cc000,0x00007000085cc000)]
  0x00007fac71023000 JavaThread "C2 CompilerThread0" daemon [_thread_blocked, id=14339, stack(0x00007000083c9000,0x00007000084c9000)]
  0x00007fac7101d000 JavaThread "Monitor Ctrl-Break" daemon [_thread_in_native, id=13827, stack(0x00007000082c6000,0x00007000083c6000)]
  0x00007fac6f80c000 JavaThread "Signal Dispatcher" daemon [_thread_blocked, id=19207, stack(0x00007000081c3000,0x00007000082c3000)]
  0x00007fac70850800 JavaThread "Finalizer" daemon [_thread_blocked, id=20483, stack(0x00007000080c0000,0x00007000081c0000)]
  0x00007fac71004800 JavaThread "Reference Handler" daemon [_thread_blocked, id=20739, stack(0x0000700007fbd000,0x00007000080bd000)]
=>0x00007fac70004000 JavaThread "main" [_thread_in_native, id=6147, stack(0x00007000079ab000,0x0000700007aab000)]

Other Threads:
  0x00007fac70029800 VMThread [stack: 0x0000700007eba000,0x0000700007fba000] [id=20995]
  0x00007fac70862000 WatcherThread [stack: 0x00007000087d5000,0x00007000088d5000] [id=17923]

VM state:not at safepoint (normal execution)

VM Mutex/Monitor currently owned by a thread: None

Heap:
 PSYoungGen      total 38400K, used 9344K [0x0000000795580000, 0x0000000798000000, 0x00000007c0000000)
  eden space 33280K, 28% used [0x0000000795580000,0x0000000795ea0188,0x0000000797600000)
  from space 5120K, 0% used [0x0000000797b00000,0x0000000797b00000,0x0000000798000000)
  to   space 5120K, 0% used [0x0000000797600000,0x0000000797600000,0x0000000797b00000)
 ParOldGen       total 87552K, used 0K [0x0000000740000000, 0x0000000745580000, 0x0000000795580000)
  object space 87552K, 0% used [0x0000000740000000,0x0000000740000000,0x0000000745580000)
 Metaspace       used 5787K, capacity 5956K, committed 6144K, reserved 1056768K
  class space    used 654K, capacity 736K, committed 768K, reserved 1048576K

Card table byte_map: [0x000000010a893000,0x000000010ac94000] byte_map_base: 0x0000000106e93000

Marking Bits: (ParMarkBitMap*) 0x000000010952c6e0
 Begin Bits: [0x000000010af3f000, 0x000000010cf3f000)
 End Bits:   [0x000000010cf3f000, 0x000000010ef3f000)

Polling page: 0x0000000109bf1000

CodeCache: size=245760Kb used=1981Kb max_used=1981Kb free=243779Kb
 bounds [0x0000000113762000, 0x00000001139d2000, 0x0000000122762000]
 total_blobs=758 nmethods=424 adapters=248
 compilation: enabled

Compilation events (10 events):
Event: 0.474 Thread 0x00007fac700e8800  420       3       java.lang.String::equalsIgnoreCase (48 bytes)
Event: 0.474 Thread 0x00007fac700e8800 nmethod 420 0x000000011394f050 code [0x000000011394f1c0, 0x000000011394f528]
Event: 0.475 Thread 0x00007fac700e8800  421  s    3       java.util.Vector::elementAt (48 bytes)
Event: 0.476 Thread 0x00007fac700e8800 nmethod 421 0x000000011394f850 code [0x000000011394fa60, 0x00000001139505e8]
Event: 0.476 Thread 0x00007fac700e8800  422       3       java.util.Vector::elementData (7 bytes)
Event: 0.477 Thread 0x00007fac700e8800 nmethod 422 0x0000000113950b90 code [0x0000000113950d00, 0x0000000113950e90]
Event: 0.479 Thread 0x00007fac700e8800  423       3       java.lang.CharacterDataLatin1::toUpperCase (53 bytes)
Event: 0.480 Thread 0x00007fac700e8800 nmethod 423 0x0000000113950f90 code [0x0000000113951100, 0x00000001139513d0]
Event: 0.480 Thread 0x00007fac700e8800  424  s    3       java.lang.StringBuffer::append (13 bytes)
Event: 0.480 Thread 0x00007fac700e8800 nmethod 424 0x0000000113951550 code [0x00000001139516c0, 0x00000001139519e8]

GC Heap History (0 events):
No events

Deoptimization events (1 events):
Event: 0.412 Thread 0x00007fac70004000 Uncommon trap: reason=unstable_if action=reinterpret pc=0x0000000113920d68 method=java.lang.String.indexOf([CII[CIII)I @ 3

Classes redefined (0 events):
No events

Internal exceptions (9 events):
Event: 0.062 Thread 0x00007fac70004000 Exception <a 'java/lang/NoSuchMethodError': Method sun.misc.Unsafe.defineClass(Ljava/lang/String;[BII)Ljava/lang/Class; name or signature does not match> (0x0000000795587cb0) thrown at [/Users/java_re/workspace/8-2-build-macosx-x86_64/jdk8u171/10807/hotsp
Event: 0.062 Thread 0x00007fac70004000 Exception <a 'java/lang/NoSuchMethodError': Method sun.misc.Unsafe.prefetchRead(Ljava/lang/Object;J)V name or signature does not match> (0x0000000795587f98) thrown at [/Users/java_re/workspace/8-2-build-macosx-x86_64/jdk8u171/10807/hotspot/src/share/vm/pr
Event: 0.300 Thread 0x00007fac70004000 Exception <a 'java/lang/NoSuchFieldError': method resolution failed> (0x0000000795aefa78) thrown at [/Users/java_re/workspace/8-2-build-macosx-x86_64/jdk8u171/10807/hotspot/src/share/vm/prims/methodHandles.cpp, line 1167]
Event: 0.302 Thread 0x00007fac70004000 Exception <a 'java/lang/NoSuchFieldError': method resolution failed> (0x0000000795afd920) thrown at [/Users/java_re/workspace/8-2-build-macosx-x86_64/jdk8u171/10807/hotspot/src/share/vm/prims/methodHandles.cpp, line 1167]
Event: 0.357 Thread 0x00007fac70004000 Exception <a 'java/lang/NoSuchMethodError': java.lang.Object.lambda$static$0(Ljava/lang/String;)Ljava/lang/Boolean;> (0x0000000795c4e658) thrown at [/Users/java_re/workspace/8-2-build-macosx-x86_64/jdk8u171/10807/hotspot/src/share/vm/interpreter/linkResol
Event: 0.371 Thread 0x00007fac70004000 Exception <a 'java/security/PrivilegedActionException'> (0x0000000795c9c7c8) thrown at [/Users/java_re/workspace/8-2-build-macosx-x86_64/jdk8u171/10807/hotspot/src/share/vm/prims/jvm.cpp, line 1435]
Event: 0.371 Thread 0x00007fac70004000 Exception <a 'java/security/PrivilegedActionException'> (0x0000000795c9c9d8) thrown at [/Users/java_re/workspace/8-2-build-macosx-x86_64/jdk8u171/10807/hotspot/src/share/vm/prims/jvm.cpp, line 1435]
Event: 0.371 Thread 0x00007fac70004000 Exception <a 'java/security/PrivilegedActionException'> (0x0000000795c9fd08) thrown at [/Users/java_re/workspace/8-2-build-macosx-x86_64/jdk8u171/10807/hotspot/src/share/vm/prims/jvm.cpp, line 1435]
Event: 0.371 Thread 0x00007fac70004000 Exception <a 'java/security/PrivilegedActionException'> (0x0000000795c9ff18) thrown at [/Users/java_re/workspace/8-2-build-macosx-x86_64/jdk8u171/10807/hotspot/src/share/vm/prims/jvm.cpp, line 1435]

Events (10 events):
Event: 0.471 loading class org/lwjgl/system/jni/JNINativeInterface
Event: 0.471 loading class org/lwjgl/system/jni/JNINativeInterface done
Event: 0.473 loading class org/lwjgl/system/macosx/CoreFoundation
Event: 0.473 loading class org/lwjgl/system/macosx/CoreFoundation done
Event: 0.478 loading class org/lwjgl/opengl/GL$3
Event: 0.478 loading class org/lwjgl/opengl/GL$3 done
Event: 0.479 loading class org/lwjgl/opengl/GL$SharedLibraryGL
Event: 0.479 loading class org/lwjgl/opengl/GL$SharedLibraryGL done
Event: 0.480 loading class org/lwjgl/system/SharedLibrary$Delegate
Event: 0.480 loading class org/lwjgl/system/SharedLibrary$Delegate done


Dynamic libraries:
0x000000002ae46000 	/System/Library/Frameworks/Cocoa.framework/Versions/A/Cocoa
0x000000002ae46000 	/System/Library/Frameworks/Security.framework/Versions/A/Security
0x000000002ae46000 	/System/Library/Frameworks/ApplicationServices.framework/Versions/A/ApplicationServices
0x000000002ae46000 	/usr/lib/libz.1.dylib
0x000000002ae46000 	/usr/lib/libSystem.B.dylib
0x000000002ae46000 	/usr/lib/libobjc.A.dylib
0x000000002ae46000 	/System/Library/Frameworks/CoreFoundation.framework/Versions/A/CoreFoundation
0x000000002ae46000 	/System/Library/Frameworks/Foundation.framework/Versions/C/Foundation
0x000000002ae46000 	/System/Library/Frameworks/AppKit.framework/Versions/C/AppKit
0x000000002ae46000 	/System/Library/Frameworks/CoreData.framework/Versions/A/CoreData
0x000000002ae46000 	/System/Library/PrivateFrameworks/RemoteViewServices.framework/Versions/A/RemoteViewServices
0x000000002ae46000 	/System/Library/PrivateFrameworks/UIFoundation.framework/Versions/A/UIFoundation
0x000000002ae46000 	/System/Library/PrivateFrameworks/DFRFoundation.framework/Versions/A/DFRFoundation
0x000000002ae46000 	/System/Library/Frameworks/Metal.framework/Versions/A/Metal
0x000000002ae46000 	/System/Library/PrivateFrameworks/DesktopServicesPriv.framework/Versions/A/DesktopServicesPriv
0x000000002ae46000 	/usr/lib/libenergytrace.dylib
0x000000002ae46000 	/System/Library/PrivateFrameworks/SkyLight.framework/Versions/A/SkyLight
0x000000002ae46000 	/System/Library/Frameworks/CoreGraphics.framework/Versions/A/CoreGraphics
0x000000002ae46000 	/usr/lib/libScreenReader.dylib
0x000000002ae46000 	/System/Library/Frameworks/Accelerate.framework/Versions/A/Accelerate
0x000000002ae46000 	/System/Library/Frameworks/IOSurface.framework/Versions/A/IOSurface
0x000000002ae46000 	/System/Library/Frameworks/AudioToolbox.framework/Versions/A/AudioToolbox
0x000000002ae46000 	/System/Library/Frameworks/AudioUnit.framework/Versions/A/AudioUnit
0x000000002ae46000 	/System/Library/PrivateFrameworks/DataDetectorsCore.framework/Versions/A/DataDetectorsCore
0x000000002ae46000 	/System/Library/Frameworks/Carbon.framework/Versions/A/Frameworks/HIToolbox.framework/Versions/A/HIToolbox
0x000000002ae46000 	/usr/lib/libicucore.A.dylib
0x000000002ae46000 	/System/Library/Frameworks/QuartzCore.framework/Versions/A/QuartzCore
0x000000002ae46000 	/System/Library/PrivateFrameworks/SignpostNotification.framework/Versions/A/SignpostNotification
0x000000002ae46000 	/System/Library/Frameworks/Carbon.framework/Versions/A/Frameworks/SpeechRecognition.framework/Versions/A/SpeechRecognition
0x000000002ae46000 	/usr/lib/libauto.dylib
0x000000002ae46000 	/usr/lib/libxml2.2.dylib
0x000000002ae46000 	/System/Library/PrivateFrameworks/CoreUI.framework/Versions/A/CoreUI
0x000000002ae46000 	/System/Library/Frameworks/CoreAudio.framework/Versions/A/CoreAudio
0x000000002ae46000 	/System/Library/Frameworks/DiskArbitration.framework/Versions/A/DiskArbitration
0x000000002ae46000 	/usr/lib/liblangid.dylib
0x000000002ae46000 	/System/Library/PrivateFrameworks/MultitouchSupport.framework/Versions/A/MultitouchSupport
0x000000002ae46000 	/System/Library/Frameworks/IOKit.framework/Versions/A/IOKit
0x000000002ae46000 	/usr/lib/libDiagnosticMessagesClient.dylib
0x000000002ae46000 	/System/Library/Frameworks/CoreServices.framework/Versions/A/CoreServices
0x000000002ae46000 	/System/Library/PrivateFrameworks/PerformanceAnalysis.framework/Versions/A/PerformanceAnalysis
0x000000002ae46000 	/System/Library/Frameworks/OpenGL.framework/Versions/A/OpenGL
0x000000002ae46000 	/System/Library/Frameworks/ColorSync.framework/Versions/A/ColorSync
0x000000002ae46000 	/System/Library/Frameworks/CoreImage.framework/Versions/A/CoreImage
0x000000002ae46000 	/System/Library/Frameworks/CoreText.framework/Versions/A/CoreText
0x000000002ae46000 	/System/Library/Frameworks/ImageIO.framework/Versions/A/ImageIO
0x000000002ae46000 	/System/Library/PrivateFrameworks/Backup.framework/Versions/A/Backup
0x000000002ae46000 	/usr/lib/libarchive.2.dylib
0x000000002ae46000 	/System/Library/Frameworks/CFNetwork.framework/Versions/A/CFNetwork
0x000000002ae46000 	/System/Library/Frameworks/SystemConfiguration.framework/Versions/A/SystemConfiguration
0x000000002ae46000 	/usr/lib/libCRFSuite.dylib
0x000000002ae46000 	/usr/lib/libc++.1.dylib
0x000000002ae46000 	/usr/lib/libc++abi.dylib
0x000000002ae46000 	/usr/lib/system/libcache.dylib
0x000000002ae46000 	/usr/lib/system/libcommonCrypto.dylib
0x000000002ae46000 	/usr/lib/system/libcompiler_rt.dylib
0x000000002ae46000 	/usr/lib/system/libcopyfile.dylib
0x000000002ae46000 	/usr/lib/system/libcorecrypto.dylib
0x000000002ae46000 	/usr/lib/system/libdispatch.dylib
0x000000002ae46000 	/usr/lib/system/libdyld.dylib
0x000000002ae46000 	/usr/lib/system/libkeymgr.dylib
0x000000002ae46000 	/usr/lib/system/liblaunch.dylib
0x000000002ae46000 	/usr/lib/system/libmacho.dylib
0x000000002ae46000 	/usr/lib/system/libquarantine.dylib
0x000000002ae46000 	/usr/lib/system/libremovefile.dylib
0x000000002ae46000 	/usr/lib/system/libsystem_asl.dylib
0x000000002ae46000 	/usr/lib/system/libsystem_blocks.dylib
0x000000002ae46000 	/usr/lib/system/libsystem_c.dylib
0x000000002ae46000 	/usr/lib/system/libsystem_configuration.dylib
0x000000002ae46000 	/usr/lib/system/libsystem_coreservices.dylib
0x000000002ae46000 	/usr/lib/system/libsystem_darwin.dylib
0x000000002ae46000 	/usr/lib/system/libsystem_dnssd.dylib
0x000000002ae46000 	/usr/lib/system/libsystem_info.dylib
0x000000002ae46000 	/usr/lib/system/libsystem_m.dylib
0x000000002ae46000 	/usr/lib/system/libsystem_malloc.dylib
0x000000002ae46000 	/usr/lib/system/libsystem_network.dylib
0x000000002ae46000 	/usr/lib/system/libsystem_networkextension.dylib
0x000000002ae46000 	/usr/lib/system/libsystem_notify.dylib
0x000000002ae46000 	/usr/lib/system/libsystem_sandbox.dylib
0x000000002ae46000 	/usr/lib/system/libsystem_secinit.dylib
0x000000002ae46000 	/usr/lib/system/libsystem_kernel.dylib
0x000000002ae46000 	/usr/lib/system/libsystem_platform.dylib
0x000000002ae46000 	/usr/lib/system/libsystem_pthread.dylib
0x000000002ae46000 	/usr/lib/system/libsystem_symptoms.dylib
0x000000002ae46000 	/usr/lib/system/libsystem_trace.dylib
0x000000002ae46000 	/usr/lib/system/libunwind.dylib
0x000000002ae46000 	/usr/lib/system/libxpc.dylib
0x000000002ae46000 	/usr/lib/closure/libclosured.dylib
0x000000002ae46000 	/usr/lib/libbsm.0.dylib
0x000000002ae46000 	/usr/lib/system/libkxld.dylib
0x000000002ae46000 	/usr/lib/libOpenScriptingUtil.dylib
0x000000002ae46000 	/usr/lib/libcoretls.dylib
0x000000002ae46000 	/usr/lib/libcoretls_cfhelpers.dylib
0x000000002ae46000 	/usr/lib/libpam.2.dylib
0x000000002ae46000 	/usr/lib/libsqlite3.dylib
0x000000002ae46000 	/usr/lib/libxar.1.dylib
0x000000002ae46000 	/usr/lib/libbz2.1.0.dylib
0x000000002ae46000 	/usr/lib/liblzma.5.dylib
0x000000002ae46000 	/usr/lib/libnetwork.dylib
0x000000002ae46000 	/usr/lib/libapple_nghttp2.dylib
0x000000002ae46000 	/usr/lib/libpcap.A.dylib
0x000000002ae46000 	/usr/lib/libboringssl.dylib
0x000000002ae46000 	/usr/lib/libusrtcp.dylib
0x000000002ae46000 	/usr/lib/libapple_crypto.dylib
0x000000002ae46000 	/System/Library/Frameworks/CoreServices.framework/Versions/A/Frameworks/FSEvents.framework/Versions/A/FSEvents
0x000000002ae46000 	/System/Library/Frameworks/CoreServices.framework/Versions/A/Frameworks/CarbonCore.framework/Versions/A/CarbonCore
0x000000002ae46000 	/System/Library/Frameworks/CoreServices.framework/Versions/A/Frameworks/Metadata.framework/Versions/A/Metadata
0x000000002ae46000 	/System/Library/Frameworks/CoreServices.framework/Versions/A/Frameworks/OSServices.framework/Versions/A/OSServices
0x000000002ae46000 	/System/Library/Frameworks/CoreServices.framework/Versions/A/Frameworks/SearchKit.framework/Versions/A/SearchKit
0x000000002ae46000 	/System/Library/Frameworks/CoreServices.framework/Versions/A/Frameworks/AE.framework/Versions/A/AE
0x000000002ae46000 	/System/Library/Frameworks/CoreServices.framework/Versions/A/Frameworks/LaunchServices.framework/Versions/A/LaunchServices
0x000000002ae46000 	/System/Library/Frameworks/CoreServices.framework/Versions/A/Frameworks/DictionaryServices.framework/Versions/A/DictionaryServices
0x000000002ae46000 	/System/Library/Frameworks/CoreServices.framework/Versions/A/Frameworks/SharedFileList.framework/Versions/A/SharedFileList
0x000000002ae46000 	/System/Library/Frameworks/NetFS.framework/Versions/A/NetFS
0x000000002ae46000 	/System/Library/PrivateFrameworks/NetAuth.framework/Versions/A/NetAuth
0x000000002ae46000 	/System/Library/PrivateFrameworks/login.framework/Versions/A/Frameworks/loginsupport.framework/Versions/A/loginsupport
0x000000002ae46000 	/System/Library/PrivateFrameworks/TCC.framework/Versions/A/TCC
0x000000002ae46000 	/usr/lib/libmecabra.dylib
0x000000002ae46000 	/System/Library/Frameworks/ApplicationServices.framework/Versions/A/Frameworks/ATS.framework/Versions/A/ATS
0x000000002ae46000 	/System/Library/Frameworks/ApplicationServices.framework/Versions/A/Frameworks/ColorSyncLegacy.framework/Versions/A/ColorSyncLegacy
0x000000002ae46000 	/System/Library/Frameworks/ApplicationServices.framework/Versions/A/Frameworks/HIServices.framework/Versions/A/HIServices
0x000000002ae46000 	/System/Library/Frameworks/ApplicationServices.framework/Versions/A/Frameworks/LangAnalysis.framework/Versions/A/LangAnalysis
0x000000002ae46000 	/System/Library/Frameworks/ApplicationServices.framework/Versions/A/Frameworks/PrintCore.framework/Versions/A/PrintCore
0x000000002ae46000 	/System/Library/Frameworks/ApplicationServices.framework/Versions/A/Frameworks/QD.framework/Versions/A/QD
0x000000002ae46000 	/System/Library/Frameworks/ApplicationServices.framework/Versions/A/Frameworks/SpeechSynthesis.framework/Versions/A/SpeechSynthesis
0x000000002ae46000 	/System/Library/Frameworks/CoreDisplay.framework/Versions/A/CoreDisplay
0x000000002ae46000 	/System/Library/Frameworks/Accelerate.framework/Versions/A/Frameworks/vImage.framework/Versions/A/vImage
0x000000002ae46000 	/System/Library/Frameworks/Accelerate.framework/Versions/A/Frameworks/vecLib.framework/Versions/A/vecLib
0x000000002ae46000 	/System/Library/Frameworks/Accelerate.framework/Versions/A/Frameworks/vecLib.framework/Versions/A/libvDSP.dylib
0x000000002ae46000 	/System/Library/Frameworks/Accelerate.framework/Versions/A/Frameworks/vecLib.framework/Versions/A/libBNNS.dylib
0x000000002ae46000 	/System/Library/Frameworks/Accelerate.framework/Versions/A/Frameworks/vecLib.framework/Versions/A/libQuadrature.dylib
0x000000002ae46000 	/System/Library/Frameworks/Accelerate.framework/Versions/A/Frameworks/vecLib.framework/Versions/A/libvMisc.dylib
0x000000002ae46000 	/System/Library/Frameworks/Accelerate.framework/Versions/A/Frameworks/vecLib.framework/Versions/A/libLAPACK.dylib
0x000000002ae46000 	/System/Library/Frameworks/Accelerate.framework/Versions/A/Frameworks/vecLib.framework/Versions/A/libBLAS.dylib
0x000000002ae46000 	/System/Library/Frameworks/Accelerate.framework/Versions/A/Frameworks/vecLib.framework/Versions/A/libLinearAlgebra.dylib
0x000000002ae46000 	/System/Library/Frameworks/Accelerate.framework/Versions/A/Frameworks/vecLib.framework/Versions/A/libSparse.dylib
0x000000002ae46000 	/System/Library/Frameworks/Accelerate.framework/Versions/A/Frameworks/vecLib.framework/Versions/A/libSparseBLAS.dylib
0x000000002ae46000 	/System/Library/PrivateFrameworks/GPUWrangler.framework/Versions/A/GPUWrangler
0x000000002ae46000 	/System/Library/PrivateFrameworks/IOAccelerator.framework/Versions/A/IOAccelerator
0x000000002ae46000 	/System/Library/PrivateFrameworks/IOPresentment.framework/Versions/A/IOPresentment
0x000000002ae46000 	/System/Library/PrivateFrameworks/DSExternalDisplay.framework/Versions/A/DSExternalDisplay
0x000000002ae46000 	/System/Library/Frameworks/OpenGL.framework/Versions/A/Libraries/libCoreFSCache.dylib
0x000000002ae46000 	/System/Library/Frameworks/CoreVideo.framework/Versions/A/CoreVideo
0x000000002ae46000 	/System/Library/PrivateFrameworks/GraphVisualizer.framework/Versions/A/GraphVisualizer
0x000000002ae46000 	/System/Library/Frameworks/MetalPerformanceShaders.framework/Versions/A/MetalPerformanceShaders
0x000000002ae46000 	/usr/lib/libFosl_dynamic.dylib
0x000000002ae46000 	/System/Library/PrivateFrameworks/FaceCore.framework/Versions/A/FaceCore
0x000000002ae46000 	/System/Library/Frameworks/OpenCL.framework/Versions/A/OpenCL
0x000000002ae46000 	/usr/lib/libcompression.dylib
0x000000002ae46000 	/System/Library/Frameworks/ApplicationServices.framework/Versions/A/Frameworks/ATS.framework/Versions/A/Resources/libFontParser.dylib
0x000000002ae46000 	/System/Library/Frameworks/ApplicationServices.framework/Versions/A/Frameworks/ATS.framework/Versions/A/Resources/libFontRegistry.dylib
0x000000002ae46000 	/System/Library/Frameworks/ImageIO.framework/Versions/A/Resources/libJPEG.dylib
0x000000002ae46000 	/System/Library/Frameworks/ImageIO.framework/Versions/A/Resources/libTIFF.dylib
0x000000002ae46000 	/System/Library/Frameworks/ImageIO.framework/Versions/A/Resources/libPng.dylib
0x000000002ae46000 	/System/Library/Frameworks/ImageIO.framework/Versions/A/Resources/libGIF.dylib
0x000000002ae46000 	/System/Library/Frameworks/ImageIO.framework/Versions/A/Resources/libJP2.dylib
0x000000002ae46000 	/System/Library/Frameworks/ImageIO.framework/Versions/A/Resources/libRadiance.dylib
0x000000002ae46000 	/System/Library/PrivateFrameworks/AppleJPEG.framework/Versions/A/AppleJPEG
0x000000002ae46000 	/System/Library/Frameworks/MetalPerformanceShaders.framework/Frameworks/MPSCore.framework/Versions/A/MPSCore
0x000000002ae46000 	/System/Library/Frameworks/MetalPerformanceShaders.framework/Frameworks/MPSImage.framework/Versions/A/MPSImage
0x000000002ae46000 	/System/Library/Frameworks/MetalPerformanceShaders.framework/Frameworks/MPSNeuralNetwork.framework/Versions/A/MPSNeuralNetwork
0x000000002ae46000 	/System/Library/Frameworks/MetalPerformanceShaders.framework/Frameworks/MPSMatrix.framework/Versions/A/MPSMatrix
0x000000002ae46000 	/System/Library/PrivateFrameworks/MetalTools.framework/Versions/A/MetalTools
0x000000002ae46000 	/System/Library/Frameworks/OpenGL.framework/Versions/A/Libraries/libGLU.dylib
0x000000002ae46000 	/System/Library/Frameworks/OpenGL.framework/Versions/A/Libraries/libGFXShared.dylib
0x000000002ae46000 	/System/Library/Frameworks/OpenGL.framework/Versions/A/Libraries/libGL.dylib
0x000000002ae46000 	/System/Library/Frameworks/OpenGL.framework/Versions/A/Libraries/libGLImage.dylib
0x000000002ae46000 	/System/Library/Frameworks/OpenGL.framework/Versions/A/Libraries/libCVMSPluginSupport.dylib
0x000000002ae46000 	/System/Library/Frameworks/OpenGL.framework/Versions/A/Libraries/libCoreVMClient.dylib
0x000000002ae46000 	/usr/lib/libcups.2.dylib
0x000000002ae46000 	/System/Library/Frameworks/Kerberos.framework/Versions/A/Kerberos
0x000000002ae46000 	/System/Library/Frameworks/GSS.framework/Versions/A/GSS
0x000000002ae46000 	/usr/lib/libresolv.9.dylib
0x000000002ae46000 	/usr/lib/libiconv.2.dylib
0x000000002ae46000 	/System/Library/PrivateFrameworks/Heimdal.framework/Versions/A/Heimdal
0x000000002ae46000 	/usr/lib/libheimdal-asn1.dylib
0x000000002ae46000 	/System/Library/Frameworks/OpenDirectory.framework/Versions/A/OpenDirectory
0x000000002ae46000 	/System/Library/PrivateFrameworks/CommonAuth.framework/Versions/A/CommonAuth
0x000000002ae46000 	/System/Library/Frameworks/OpenDirectory.framework/Versions/A/Frameworks/CFOpenDirectory.framework/Versions/A/CFOpenDirectory
0x000000002ae46000 	/System/Library/Frameworks/SecurityFoundation.framework/Versions/A/SecurityFoundation
0x000000002ae46000 	/System/Library/PrivateFrameworks/APFS.framework/Versions/A/APFS
0x000000002ae46000 	/usr/lib/libutil.dylib
0x000000002ae46000 	/System/Library/PrivateFrameworks/AppleSauce.framework/Versions/A/AppleSauce
0x000000002ae46000 	/System/Library/PrivateFrameworks/LinguisticData.framework/Versions/A/LinguisticData
0x000000002ae46000 	/usr/lib/libmarisa.dylib
0x000000002ae46000 	/System/Library/PrivateFrameworks/Lexicon.framework/Versions/A/Lexicon
0x000000002ae46000 	/usr/lib/libChineseTokenizer.dylib
0x000000002ae46000 	/usr/lib/libcmph.dylib
0x000000002ae46000 	/System/Library/PrivateFrameworks/LanguageModeling.framework/Versions/A/LanguageModeling
0x000000002ae46000 	/System/Library/PrivateFrameworks/CoreEmoji.framework/Versions/A/CoreEmoji
0x000000002ae46000 	/System/Library/Frameworks/ServiceManagement.framework/Versions/A/ServiceManagement
0x000000002ae46000 	/System/Library/PrivateFrameworks/BackgroundTaskManagement.framework/Versions/A/BackgroundTaskManagement
0x000000002ae46000 	/usr/lib/libxslt.1.dylib
0x000000002ae46000 	/System/Library/Frameworks/Carbon.framework/Versions/A/Frameworks/Ink.framework/Versions/A/Ink
0x000000002ae46000 	/System/Library/PrivateFrameworks/TextureIO.framework/Versions/A/TextureIO
0x000000002ae46000 	/usr/lib/libate.dylib
0x000000002ae46000 	/System/Library/PrivateFrameworks/CrashReporterSupport.framework/Versions/A/CrashReporterSupport
0x000000002ae46000 	/System/Library/PrivateFrameworks/Sharing.framework/Versions/A/Sharing
0x000000002ae46000 	/System/Library/PrivateFrameworks/IconServices.framework/Versions/A/IconServices
0x000000002ae46000 	/System/Library/PrivateFrameworks/Apple80211.framework/Versions/A/Apple80211
0x000000002ae46000 	/System/Library/PrivateFrameworks/CoreUtils.framework/Versions/A/CoreUtils
0x000000002ae46000 	/System/Library/Frameworks/CoreWLAN.framework/Versions/A/CoreWLAN
0x000000002ae46000 	/System/Library/Frameworks/IOBluetooth.framework/Versions/A/IOBluetooth
0x000000002ae46000 	/System/Library/PrivateFrameworks/ProtocolBuffer.framework/Versions/A/ProtocolBuffer
0x000000002ae46000 	/System/Library/PrivateFrameworks/CoreWiFi.framework/Versions/A/CoreWiFi
0x000000002ae46000 	/System/Library/Frameworks/CoreBluetooth.framework/Versions/A/CoreBluetooth
0x000000002ae46000 	/System/Library/PrivateFrameworks/DebugSymbols.framework/Versions/A/DebugSymbols
0x000000002ae46000 	/System/Library/PrivateFrameworks/CoreSymbolication.framework/Versions/A/CoreSymbolication
0x000000002ae46000 	/System/Library/PrivateFrameworks/Symbolication.framework/Versions/A/Symbolication
0x000000002ae46000 	/System/Library/PrivateFrameworks/AppleFSCompression.framework/Versions/A/AppleFSCompression
0x000000002ae46000 	/System/Library/PrivateFrameworks/SpeechRecognitionCore.framework/Versions/A/SpeechRecognitionCore
0x0000000108c35000 	/Library/Java/JavaVirtualMachines/jdk1.8.0_171.jdk/Contents/Home/jre/lib/server/libjvm.dylib
0x000000002ae46000 	/usr/lib/libstdc++.6.0.9.dylib
0x0000000109be3000 	/Library/Java/JavaVirtualMachines/jdk1.8.0_171.jdk/Contents/Home/jre/lib/libverify.dylib
0x000000010a400000 	/Library/Java/JavaVirtualMachines/jdk1.8.0_171.jdk/Contents/Home/jre/lib/libjava.dylib
0x000000010a436000 	/Library/Java/JavaVirtualMachines/jdk1.8.0_171.jdk/Contents/Home/jre/lib/libinstrument.dylib
0x000000010a4ca000 	/Library/Java/JavaVirtualMachines/jdk1.8.0_171.jdk/Contents/Home/jre/lib/libzip.dylib
0x000000011290b000 	/Library/Java/JavaVirtualMachines/jdk1.8.0_171.jdk/Contents/Home/jre/lib/libnet.dylib
0x000000011296a000 	/Library/Java/JavaVirtualMachines/jdk1.8.0_171.jdk/Contents/Home/jre/lib/libnio.dylib
0x000000011297a000 	/private/var/folders/sg/z2c7dc_14pzdzld554pfzc_c0000gn/T/lwjglbm/3.1.6-build-14/liblwjgl.dylib
0x0000000112aa2000 	/private/var/folders/sg/z2c7dc_14pzdzld554pfzc_c0000gn/T/lwjglbm/3.1.6-build-14/liblwjgl_opengl.dylib

VM Arguments:
jvm_args: -javaagent:/Applications/IntelliJ IDEA CE.app/Contents/lib/idea_rt.jar=49900:/Applications/IntelliJ IDEA CE.app/Contents/bin -Dfile.encoding=UTF-8 
java_command: prototype.program.Main
java_class_path (initial): /Library/Java/JavaVirtualMachines/jdk1.8.0_171.jdk/Contents/Home/jre/lib/charsets.jar:/Library/Java/JavaVirtualMachines/jdk1.8.0_171.jdk/Contents/Home/jre/lib/deploy.jar:/Library/Java/JavaVirtualMachines/jdk1.8.0_171.jdk/Contents/Home/jre/lib/ext/cldrdata.jar:/Library/Java/JavaVirtualMachines/jdk1.8.0_171.jdk/Contents/Home/jre/lib/ext/dnsns.jar:/Library/Java/JavaVirtualMachines/jdk1.8.0_171.jdk/Contents/Home/jre/lib/ext/jaccess.jar:/Library/Java/JavaVirtualMachines/jdk1.8.0_171.jdk/Contents/Home/jre/lib/ext/jfxrt.jar:/Library/Java/JavaVirtualMachines/jdk1.8.0_171.jdk/Contents/Home/jre/lib/ext/localedata.jar:/Library/Java/JavaVirtualMachines/jdk1.8.0_171.jdk/Contents/Home/jre/lib/ext/nashorn.jar:/Library/Java/JavaVirtualMachines/jdk1.8.0_171.jdk/Contents/Home/jre/lib/ext/sunec.jar:/Library/Java/JavaVirtualMachines/jdk1.8.0_171.jdk/Contents/Home/jre/lib/ext/sunjce_provider.jar:/Library/Java/JavaVirtualMachines/jdk1.8.0_171.jdk/Contents/Home/jre/lib/ext/sunpkcs11.jar:/Library/Java/JavaVirtualMachines/jdk1.8.0_171.jdk/Contents/Home/jre/lib/ext/zipfs.jar:/Library/Java/JavaVirtualMachines/jdk1.8.0_171.jdk/Contents/Home/jre/lib/javaws.jar:/Library/Java/JavaVirtualMachines/jdk1.8.0_171.jdk/Contents/Home/jre/lib/jce.jar:/Library/Java/JavaVirtualMachines/jdk1.8.0_171.jdk/Contents/Home/jre/lib/jfr.jar:/Library/Java/JavaVirtualMachines/jdk1.8.0_171.jdk/Contents/Home/jre/lib/jfxswt.jar:/Library/Java/JavaVirtualMachines/jdk1.8.0_171.jdk/Contents/Home/jre/lib/jsse.jar:/Library/Java/JavaVirtualMachines/jdk1.8.0_171.jdk/Contents/Home/jre/lib/management-agent.jar:/Library/Java/JavaVirtualMachines/jdk1.8.0_171.jdk/Contents/Home/jre/lib/plugin.jar:/Library/Java/JavaVirtualMachines/jdk1.8.0_171.jdk/Contents/Home/jre/lib/resources.jar:/Library/Java/JavaVirtualMachines/jdk1.8.0_171.jdk/Contents/Home/jre/lib/rt.jar:/Library/Java/JavaVirtualMachines/jdk1.8.0_171.jdk/Contents/Home/lib/ant-javafx.jar:/Library/Java/JavaVirtualMachines/jdk1.8.0_171.jdk/Contents/Home
Launcher Type: SUN_STANDARD

Environment Variables:
PATH=/usr/local/bin:/usr/bin:/bin:/usr/sbin:/sbin:/Library/Frameworks/Mono.framework/Versions/Current/Commands
SHELL=/bin/bash

Signal Handlers:
SIGSEGV: [libjvm.dylib+0x5b512d], sa_mask[0]=11111111011111110111111111111111, sa_flags=SA_ONSTACK|SA_RESTART|SA_SIGINFO
SIGBUS: [libjvm.dylib+0x5b512d], sa_mask[0]=11111111011111110111111111111111, sa_flags=SA_RESTART|SA_SIGINFO
SIGFPE: [libjvm.dylib+0x48aa90], sa_mask[0]=11111111011111110111111111111111, sa_flags=SA_RESTART|SA_SIGINFO
SIGPIPE: [libjvm.dylib+0x48aa90], sa_mask[0]=11111111011111110111111111111111, sa_flags=SA_RESTART|SA_SIGINFO
SIGXFSZ: [libjvm.dylib+0x48aa90], sa_mask[0]=11111111011111110111111111111111, sa_flags=SA_RESTART|SA_SIGINFO
SIGILL: [libjvm.dylib+0x48aa90], sa_mask[0]=11111111011111110111111111111111, sa_flags=SA_RESTART|SA_SIGINFO
SIGUSR1: SIG_DFL, sa_mask[0]=00000000000000000000000000000000, sa_flags=none
SIGUSR2: [libjvm.dylib+0x48a5ae], sa_mask[0]=00100000000000000000000000000000, sa_flags=SA_RESTART|SA_SIGINFO
SIGHUP: [libjvm.dylib+0x488b79], sa_mask[0]=11111111011111110111111111111111, sa_flags=SA_RESTART|SA_SIGINFO
SIGINT: [libjvm.dylib+0x488b79], sa_mask[0]=11111111011111110111111111111111, sa_flags=SA_RESTART|SA_SIGINFO
SIGTERM: [libjvm.dylib+0x488b79], sa_mask[0]=11111111011111110111111111111111, sa_flags=SA_RESTART|SA_SIGINFO
SIGQUIT: [libjvm.dylib+0x488b79], sa_mask[0]=11111111011111110111111111111111, sa_flags=SA_RESTART|SA_SIGINFO


---------------  S Y S T E M  ---------------

OS:Bsduname:Darwin 17.5.0 Darwin Kernel Version 17.5.0: Mon Mar  5 22:24:32 PST 2018; root:xnu-4570.51.1~1/RELEASE_X86_64 x86_64
rlimit: STACK 8192k, CORE 0k, NPROC 709, NOFILE 10240, AS infinity
load average:2.11 2.07 2.09

CPU:total 4 (initial active 4) (2 cores per cpu, 2 threads per core) family 6 model 69 stepping 1, cmov, cx8, fxsr, mmx, sse, sse2, sse3, ssse3, sse4.1, sse4.2, popcnt, avx, avx2, aes, clmul, erms, lzcnt, ht, tsc, tscinvbit, bmi1, bmi2

Memory: 4k page, physical 8388608k(268000k free)

/proc/meminfo:


vm_info: Java HotSpot(TM) 64-Bit Server VM (25.171-b11) for bsd-amd64 JRE (1.8.0_171-b11), built on Mar 28 2018 12:50:57 by "java_re" with gcc 4.2.1 (Based on Apple Inc. build 5658) (LLVM build 2336.11.00)

time: Thu Jun 28 20:20:03 2018
elapsed time: 0 seconds (0d 0h 0m 0s)

